   1               		.file	"crc.c"
   2               	__SP_H__ = 0x3e
   3               	__SP_L__ = 0x3d
   4               	__SREG__ = 0x3f
   5               	__tmp_reg__ = 0
   6               	__zero_reg__ = 1
   7               		.text
   8               	.Ltext0:
   9               		.cfi_sections	.debug_frame
  10               	.global	crc8_calc
  12               	crc8_calc:
  13               	.LFB1:
  14               		.file 1 "crc.c"
   1:crc.c         **** /*
   2:crc.c         **** 	  Copyright (c) 2022 by Martin Maier (martin@mcmaier.net)
   3:crc.c         **** 
   4:crc.c         ****     Code based on examples from stackoverflow
   5:crc.c         **** 	
   6:crc.c         ****     Permission is hereby granted, free of charge, to any person 
   7:crc.c         ****     obtaining a copy of this software and associated documentation 
   8:crc.c         ****     files (the "Software"), to deal in the Software without 
   9:crc.c         ****     restriction, including without limitation the rights to use, copy, 
  10:crc.c         ****     modify, merge, publish, distribute, sublicense, and/or sell copies 
  11:crc.c         ****     of the Software, and to permit persons to whom the Software is 
  12:crc.c         ****     furnished to do so, subject to the following conditions:
  13:crc.c         **** 
  14:crc.c         ****     The above copyright notice and this permission notice shall be 
  15:crc.c         ****     included in all copies or substantial portions of the Software.
  16:crc.c         **** 
  17:crc.c         ****     THE SOFTWARE IS PROVIDED "AS IS", WITHOUT WARRANTY OF ANY KIND, 
  18:crc.c         ****     EXPRESS OR IMPLIED, INCLUDING BUT NOT LIMITED TO THE WARRANTIES OF 
  19:crc.c         ****     MERCHANTABILITY, FITNESS FOR A PARTICULAR PURPOSE AND 
  20:crc.c         ****     NONINFRINGEMENT. IN NO EVENT SHALL THE AUTHORS OR COPYRIGHT 
  21:crc.c         ****     HOLDERS BE LIABLE FOR ANY CLAIM, DAMAGES OR OTHER LIABILITY, 
  22:crc.c         ****     WHETHER IN AN ACTION OF CONTRACT, TORT OR OTHERWISE, ARISING FROM, 
  23:crc.c         ****     OUT OF OR IN CONNECTION WITH THE SOFTWARE OR THE USE OR OTHER 
  24:crc.c         ****     DEALINGS IN THE SOFTWARE.    
  25:crc.c         **** */
  26:crc.c         **** 
  27:crc.c         **** #ifndef CRC_C
  28:crc.c         **** #define CRC_C
  29:crc.c         **** 
  30:crc.c         **** #include "crc.h"
  31:crc.c         **** #include <avr/pgmspace.h>
  32:crc.c         **** 
  33:crc.c         **** 
  34:crc.c         **** //******************************************************************************
  35:crc.c         **** // INTERNAL VARIABLES
  36:crc.c         **** //******************************************************************************
  37:crc.c         **** 
  38:crc.c         **** static uint8_t const crc8_table[256] PROGMEM = {
  39:crc.c         ****   0x00,0x01,0x02,0x03,0x04,0x05,0x06,0x07,0x08,0x09,0x0A,0x0B,0x0C,0x0D,0x0E,0x0F,
  40:crc.c         ****   0x10,0x11,0x12,0x13,0x14,0x15,0x16,0x17,0x18,0x19,0x1A,0x1B,0x1C,0x1D,0x1E,0x1F,
  41:crc.c         ****   0x20,0x21,0x22,0x23,0x24,0x25,0x26,0x27,0x28,0x29,0x2A,0x2B,0x2C,0x2D,0x2E,0x2F,
  42:crc.c         ****   0x30,0x31,0x32,0x33,0x34,0x35,0x36,0x37,0x38,0x39,0x3A,0x3B,0x3C,0x3D,0x3E,0x3F,
  43:crc.c         ****   0x40,0x41,0x42,0x43,0x44,0x45,0x46,0x47,0x48,0x49,0x4A,0x4B,0x4C,0x4D,0x4E,0x4F,
  44:crc.c         ****   0x50,0x51,0x52,0x53,0x54,0x55,0x56,0x57,0x58,0x59,0x5A,0x5B,0x5C,0x5D,0x5E,0x5F,
  45:crc.c         ****   0x60,0x61,0x62,0x63,0x64,0x65,0x66,0x67,0x68,0x69,0x6A,0x6B,0x6C,0x6D,0x6E,0x6F,
  46:crc.c         ****   0x70,0x71,0x72,0x73,0x74,0x75,0x76,0x77,0x78,0x79,0x7A,0x7B,0x7C,0x7D,0x7E,0x7F,
  47:crc.c         ****   0x80,0x81,0x82,0x83,0x84,0x85,0x86,0x87,0x88,0x89,0x8A,0x8B,0x8C,0x8D,0x8E,0x8F,
  48:crc.c         ****   0x90,0x91,0x92,0x93,0x94,0x95,0x96,0x97,0x98,0x99,0x9A,0x9B,0x9C,0x9D,0x9E,0x9F,
  49:crc.c         ****   0xA0,0xA1,0xA2,0xA3,0xA4,0xA5,0xA6,0xA7,0xA8,0xA9,0xAA,0xAB,0xAC,0xAD,0xAE,0xAF,
  50:crc.c         ****   0xB0,0xB1,0xB2,0xB3,0xB4,0xB5,0xB6,0xB7,0xB8,0xB9,0xBA,0xBB,0xBC,0xBD,0xBE,0xBF,
  51:crc.c         ****   0xC0,0xC1,0xC2,0xC3,0xC4,0xC5,0xC6,0xC7,0xC8,0xC9,0xCA,0xCB,0xCC,0xCD,0xCE,0xCF,
  52:crc.c         ****   0xD0,0xD1,0xD2,0xD3,0xD4,0xD5,0xD6,0xD7,0xD8,0xD9,0xDA,0xDB,0xDC,0xDD,0xDE,0xDF,
  53:crc.c         ****   0xE0,0xE1,0xE2,0xE3,0xE4,0xE5,0xE6,0xE7,0xE8,0xE9,0xEA,0xEB,0xEC,0xED,0xEE,0xEF,
  54:crc.c         ****   0xF0,0xF1,0xF2,0xF3,0xF4,0xF5,0xF6,0xF7,0xF8,0xF9,0xFA,0xFB,0xFC,0xFD,0xFE,0xFF
  55:crc.c         ****   };
  56:crc.c         **** 
  57:crc.c         ****     
  58:crc.c         **** static uint16_t const crc16_table[256] PROGMEM = {
  59:crc.c         ****   0x0000, 0xC0C1, 0xC181, 0x0140, 0xC301, 0x03C0, 0x0280, 0xC241,
  60:crc.c         ****   0xC601, 0x06C0, 0x0780, 0xC741, 0x0500, 0xC5C1, 0xC481, 0x0440,
  61:crc.c         ****   0xCC01, 0x0CC0, 0x0D80, 0xCD41, 0x0F00, 0xCFC1, 0xCE81, 0x0E40,
  62:crc.c         ****   0x0A00, 0xCAC1, 0xCB81, 0x0B40, 0xC901, 0x09C0, 0x0880, 0xC841,
  63:crc.c         ****   0xD801, 0x18C0, 0x1980, 0xD941, 0x1B00, 0xDBC1, 0xDA81, 0x1A40,
  64:crc.c         ****   0x1E00, 0xDEC1, 0xDF81, 0x1F40, 0xDD01, 0x1DC0, 0x1C80, 0xDC41,
  65:crc.c         ****   0x1400, 0xD4C1, 0xD581, 0x1540, 0xD701, 0x17C0, 0x1680, 0xD641,
  66:crc.c         ****   0xD201, 0x12C0, 0x1380, 0xD341, 0x1100, 0xD1C1, 0xD081, 0x1040,
  67:crc.c         ****   0xF001, 0x30C0, 0x3180, 0xF141, 0x3300, 0xF3C1, 0xF281, 0x3240,
  68:crc.c         ****   0x3600, 0xF6C1, 0xF781, 0x3740, 0xF501, 0x35C0, 0x3480, 0xF441,
  69:crc.c         ****   0x3C00, 0xFCC1, 0xFD81, 0x3D40, 0xFF01, 0x3FC0, 0x3E80, 0xFE41,
  70:crc.c         ****   0xFA01, 0x3AC0, 0x3B80, 0xFB41, 0x3900, 0xF9C1, 0xF881, 0x3840,
  71:crc.c         ****   0x2800, 0xE8C1, 0xE981, 0x2940, 0xEB01, 0x2BC0, 0x2A80, 0xEA41,
  72:crc.c         ****   0xEE01, 0x2EC0, 0x2F80, 0xEF41, 0x2D00, 0xEDC1, 0xEC81, 0x2C40,
  73:crc.c         ****   0xE401, 0x24C0, 0x2580, 0xE541, 0x2700, 0xE7C1, 0xE681, 0x2640,
  74:crc.c         ****   0x2200, 0xE2C1, 0xE381, 0x2340, 0xE101, 0x21C0, 0x2080, 0xE041,
  75:crc.c         ****   0xA001, 0x60C0, 0x6180, 0xA141, 0x6300, 0xA3C1, 0xA281, 0x6240,
  76:crc.c         ****   0x6600, 0xA6C1, 0xA781, 0x6740, 0xA501, 0x65C0, 0x6480, 0xA441,
  77:crc.c         ****   0x6C00, 0xACC1, 0xAD81, 0x6D40, 0xAF01, 0x6FC0, 0x6E80, 0xAE41,
  78:crc.c         ****   0xAA01, 0x6AC0, 0x6B80, 0xAB41, 0x6900, 0xA9C1, 0xA881, 0x6840,
  79:crc.c         ****   0x7800, 0xB8C1, 0xB981, 0x7940, 0xBB01, 0x7BC0, 0x7A80, 0xBA41,
  80:crc.c         ****   0xBE01, 0x7EC0, 0x7F80, 0xBF41, 0x7D00, 0xBDC1, 0xBC81, 0x7C40,
  81:crc.c         ****   0xB401, 0x74C0, 0x7580, 0xB541, 0x7700, 0xB7C1, 0xB681, 0x7640,
  82:crc.c         ****   0x7200, 0xB2C1, 0xB381, 0x7340, 0xB101, 0x71C0, 0x7080, 0xB041,
  83:crc.c         ****   0x5000, 0x90C1, 0x9181, 0x5140, 0x9301, 0x53C0, 0x5280, 0x9241,
  84:crc.c         ****   0x9601, 0x56C0, 0x5780, 0x9741, 0x5500, 0x95C1, 0x9481, 0x5440,
  85:crc.c         ****   0x9C01, 0x5CC0, 0x5D80, 0x9D41, 0x5F00, 0x9FC1, 0x9E81, 0x5E40,
  86:crc.c         ****   0x5A00, 0x9AC1, 0x9B81, 0x5B40, 0x9901, 0x59C0, 0x5880, 0x9841,
  87:crc.c         ****   0x8801, 0x48C0, 0x4980, 0x8941, 0x4B00, 0x8BC1, 0x8A81, 0x4A40,
  88:crc.c         ****   0x4E00, 0x8EC1, 0x8F81, 0x4F40, 0x8D01, 0x4DC0, 0x4C80, 0x8C41,
  89:crc.c         ****   0x4400, 0x84C1, 0x8581, 0x4540, 0x8701, 0x47C0, 0x4680, 0x8641,
  90:crc.c         ****   0x8201, 0x42C0, 0x4380, 0x8341, 0x4100, 0x81C1, 0x8081, 0x4040
  91:crc.c         **** };
  92:crc.c         **** 
  93:crc.c         **** //******************************************************************************
  94:crc.c         **** // FUNCTIONS
  95:crc.c         **** //******************************************************************************
  96:crc.c         **** 
  97:crc.c         **** // Calculation of CRC8 over a defined buffer
  98:crc.c         **** // void const* mem, uint8_t len
  99:crc.c         **** // Polynomial = 0x01, Initial Value = 0
 100:crc.c         **** //------------------------------------------------------------------------------
 101:crc.c         **** uint8_t crc8_calc(uint8_t* mem, uint8_t len) 
 102:crc.c         **** {
  15               		.loc 1 102 0
  16               		.cfi_startproc
  17               	.LVL0:
  18 0000 CF93      		push r28
  19               	.LCFI0:
  20               		.cfi_def_cfa_offset 3
  21               		.cfi_offset 28, -2
  22 0002 DF93      		push r29
  23               	.LCFI1:
  24               		.cfi_def_cfa_offset 4
  25               		.cfi_offset 29, -3
  26 0004 1F92      		push __zero_reg__
  27               	.LCFI2:
  28               		.cfi_def_cfa_offset 5
  29 0006 CDB7      		in r28,__SP_L__
  30 0008 DEB7      		in r29,__SP_H__
  31               	.LCFI3:
  32               		.cfi_def_cfa_register 28
  33               	/* prologue: function */
  34               	/* frame size = 1 */
  35               	/* stack size = 3 */
  36               	.L__stack_usage = 3
 103:crc.c         ****     volatile uint8_t crc8 = 0;
  37               		.loc 1 103 0
  38 000a 1982      		std Y+1,__zero_reg__
  39               	.LVL1:
 104:crc.c         ****     uint8_t table_index = 0;
 105:crc.c         ****     uint8_t *data = mem;
 106:crc.c         ****     
 107:crc.c         ****     if (data == NULL)
  40               		.loc 1 107 0
  41 000c 0097      		sbiw r24,0
  42 000e 01F0      		breq .L5
  43 0010 DC01      		movw r26,r24
  44               	.LVL2:
  45               	.L3:
 108:crc.c         ****         return 0xFF;        
 109:crc.c         ****     
 110:crc.c         ****     while (len--)
  46               		.loc 1 110 0
  47               	.LVL3:
  48 0012 6150      		subi r22,1
  49 0014 00F0      		brcs .L7
 111:crc.c         ****     {
 112:crc.c         ****       table_index = *data++^crc8;
  50               		.loc 1 112 0
  51 0016 ED91      		ld r30,X+
  52               	.LVL4:
  53 0018 9981      		ldd r25,Y+1
  54               	.LVL5:
  55               	.LBB2:
 113:crc.c         ****       crc8 = pgm_read_byte(&crc8_table[table_index]);
  56               		.loc 1 113 0
  57 001a E927      		eor r30,r25
  58               	.LVL6:
  59 001c F0E0      		ldi r31,0
  60 001e E050      		subi r30,lo8(-(crc8_table))
  61 0020 F040      		sbci r31,hi8(-(crc8_table))
  62               	.LVL7:
  63               	/* #APP */
  64               	 ;  113 "crc.c" 1
  65 0022 E491      		lpm r30, Z
  66               		
  67               	 ;  0 "" 2
  68               	.LVL8:
  69               	/* #NOAPP */
  70               	.LBE2:
  71 0024 E983      		std Y+1,r30
  72 0026 00C0      		rjmp .L3
  73               	.LVL9:
  74               	.L7:
 114:crc.c         ****     }    
 115:crc.c         ****     
 116:crc.c         ****     return crc8;
  75               		.loc 1 116 0
  76 0028 8981      		ldd r24,Y+1
  77               	.LVL10:
  78 002a 00C0      		rjmp .L2
  79               	.LVL11:
  80               	.L5:
 108:crc.c         ****     
  81               		.loc 1 108 0
  82 002c 8FEF      		ldi r24,lo8(-1)
  83               	.LVL12:
  84               	.L2:
  85               	/* epilogue start */
 117:crc.c         **** }
  86               		.loc 1 117 0
  87 002e 0F90      		pop __tmp_reg__
  88 0030 DF91      		pop r29
  89 0032 CF91      		pop r28
  90 0034 0895      		ret
  91               		.cfi_endproc
  92               	.LFE1:
  94               	.global	crc16_calc
  96               	crc16_calc:
  97               	.LFB2:
 118:crc.c         **** 
 119:crc.c         **** // Calculation of CRC16 - MODBUS over a defined buffer
 120:crc.c         **** // void const* mem, uint8_t len
 121:crc.c         **** // Polynomial = 0x8005, Initial Value = 0xFFFF
 122:crc.c         **** //------------------------------------------------------------------------------
 123:crc.c         **** uint16_t crc16_calc(uint8_t* mem, uint8_t len) 
 124:crc.c         **** {  
  98               		.loc 1 124 0
  99               		.cfi_startproc
 100               	.LVL13:
 101               	/* prologue: function */
 102               	/* frame size = 0 */
 103               	/* stack size = 0 */
 104               	.L__stack_usage = 0
 105 0036 DC01      		movw r26,r24
 125:crc.c         ****   
 126:crc.c         ****   uint8_t *data = mem;
 127:crc.c         ****   uint16_t crc16 = 0xFFFF;
 106               		.loc 1 127 0
 107 0038 EFEF      		ldi r30,lo8(-1)
 108 003a FFEF      		ldi r31,lo8(-1)
 109               	.LVL14:
 110               	.L9:
 128:crc.c         ****   uint8_t xor = 0;
 129:crc.c         **** 
 130:crc.c         **** 	while( len-- )
 111               		.loc 1 130 0
 112               	.LVL15:
 113 003c 6150      		subi r22,1
 114 003e 00F0      		brcs .L11
 131:crc.c         **** 	{
 132:crc.c         **** 		xor = (*data++) ^ crc16;
 115               		.loc 1 132 0
 116 0040 8D91      		ld r24,X+
 117               	.LVL16:
 133:crc.c         **** 		crc16 >>= 8;
 118               		.loc 1 133 0
 119 0042 4F2F      		mov r20,r31
 120 0044 5527      		clr r21
 121               	.LVL17:
 122               	.LBB3:
 134:crc.c         **** 		crc16 ^= pgm_read_word(&crc16_table[xor]);
 123               		.loc 1 134 0
 124 0046 E827      		eor r30,r24
 125               	.LVL18:
 126 0048 F0E0      		ldi r31,0
 127 004a EE0F      		lsl r30
 128 004c FF1F      		rol r31
 129 004e E050      		subi r30,lo8(-(crc16_table))
 130 0050 F040      		sbci r31,hi8(-(crc16_table))
 131               	.LVL19:
 132               	/* #APP */
 133               	 ;  134 "crc.c" 1
 134 0052 2591      		lpm r18, Z+
 135 0054 3491      		lpm r19, Z
 136               		
 137               	 ;  0 "" 2
 138               	.LVL20:
 139               	/* #NOAPP */
 140               	.LBE3:
 141 0056 FA01      		movw r30,r20
 142 0058 E227      		eor r30,r18
 143 005a F327      		eor r31,r19
 144               	.LVL21:
 145 005c 00C0      		rjmp .L9
 146               	.LVL22:
 147               	.L11:
 135:crc.c         **** 	}
 136:crc.c         ****   
 137:crc.c         ****   return crc16;
 138:crc.c         **** }  
 148               		.loc 1 138 0
 149 005e CF01      		movw r24,r30
 150 0060 0895      		ret
 151               		.cfi_endproc
 152               	.LFE2:
 154               		.section	.progmem.data,"a",@progbits
 157               	crc16_table:
 158 0000 0000      		.word	0
 159 0002 C1C0      		.word	-16191
 160 0004 81C1      		.word	-15999
 161 0006 4001      		.word	320
 162 0008 01C3      		.word	-15615
 163 000a C003      		.word	960
 164 000c 8002      		.word	640
 165 000e 41C2      		.word	-15807
 166 0010 01C6      		.word	-14847
 167 0012 C006      		.word	1728
 168 0014 8007      		.word	1920
 169 0016 41C7      		.word	-14527
 170 0018 0005      		.word	1280
 171 001a C1C5      		.word	-14911
 172 001c 81C4      		.word	-15231
 173 001e 4004      		.word	1088
 174 0020 01CC      		.word	-13311
 175 0022 C00C      		.word	3264
 176 0024 800D      		.word	3456
 177 0026 41CD      		.word	-12991
 178 0028 000F      		.word	3840
 179 002a C1CF      		.word	-12351
 180 002c 81CE      		.word	-12671
 181 002e 400E      		.word	3648
 182 0030 000A      		.word	2560
 183 0032 C1CA      		.word	-13631
 184 0034 81CB      		.word	-13439
 185 0036 400B      		.word	2880
 186 0038 01C9      		.word	-14079
 187 003a C009      		.word	2496
 188 003c 8008      		.word	2176
 189 003e 41C8      		.word	-14271
 190 0040 01D8      		.word	-10239
 191 0042 C018      		.word	6336
 192 0044 8019      		.word	6528
 193 0046 41D9      		.word	-9919
 194 0048 001B      		.word	6912
 195 004a C1DB      		.word	-9279
 196 004c 81DA      		.word	-9599
 197 004e 401A      		.word	6720
 198 0050 001E      		.word	7680
 199 0052 C1DE      		.word	-8511
 200 0054 81DF      		.word	-8319
 201 0056 401F      		.word	8000
 202 0058 01DD      		.word	-8959
 203 005a C01D      		.word	7616
 204 005c 801C      		.word	7296
 205 005e 41DC      		.word	-9151
 206 0060 0014      		.word	5120
 207 0062 C1D4      		.word	-11071
 208 0064 81D5      		.word	-10879
 209 0066 4015      		.word	5440
 210 0068 01D7      		.word	-10495
 211 006a C017      		.word	6080
 212 006c 8016      		.word	5760
 213 006e 41D6      		.word	-10687
 214 0070 01D2      		.word	-11775
 215 0072 C012      		.word	4800
 216 0074 8013      		.word	4992
 217 0076 41D3      		.word	-11455
 218 0078 0011      		.word	4352
 219 007a C1D1      		.word	-11839
 220 007c 81D0      		.word	-12159
 221 007e 4010      		.word	4160
 222 0080 01F0      		.word	-4095
 223 0082 C030      		.word	12480
 224 0084 8031      		.word	12672
 225 0086 41F1      		.word	-3775
 226 0088 0033      		.word	13056
 227 008a C1F3      		.word	-3135
 228 008c 81F2      		.word	-3455
 229 008e 4032      		.word	12864
 230 0090 0036      		.word	13824
 231 0092 C1F6      		.word	-2367
 232 0094 81F7      		.word	-2175
 233 0096 4037      		.word	14144
 234 0098 01F5      		.word	-2815
 235 009a C035      		.word	13760
 236 009c 8034      		.word	13440
 237 009e 41F4      		.word	-3007
 238 00a0 003C      		.word	15360
 239 00a2 C1FC      		.word	-831
 240 00a4 81FD      		.word	-639
 241 00a6 403D      		.word	15680
 242 00a8 01FF      		.word	-255
 243 00aa C03F      		.word	16320
 244 00ac 803E      		.word	16000
 245 00ae 41FE      		.word	-447
 246 00b0 01FA      		.word	-1535
 247 00b2 C03A      		.word	15040
 248 00b4 803B      		.word	15232
 249 00b6 41FB      		.word	-1215
 250 00b8 0039      		.word	14592
 251 00ba C1F9      		.word	-1599
 252 00bc 81F8      		.word	-1919
 253 00be 4038      		.word	14400
 254 00c0 0028      		.word	10240
 255 00c2 C1E8      		.word	-5951
 256 00c4 81E9      		.word	-5759
 257 00c6 4029      		.word	10560
 258 00c8 01EB      		.word	-5375
 259 00ca C02B      		.word	11200
 260 00cc 802A      		.word	10880
 261 00ce 41EA      		.word	-5567
 262 00d0 01EE      		.word	-4607
 263 00d2 C02E      		.word	11968
 264 00d4 802F      		.word	12160
 265 00d6 41EF      		.word	-4287
 266 00d8 002D      		.word	11520
 267 00da C1ED      		.word	-4671
 268 00dc 81EC      		.word	-4991
 269 00de 402C      		.word	11328
 270 00e0 01E4      		.word	-7167
 271 00e2 C024      		.word	9408
 272 00e4 8025      		.word	9600
 273 00e6 41E5      		.word	-6847
 274 00e8 0027      		.word	9984
 275 00ea C1E7      		.word	-6207
 276 00ec 81E6      		.word	-6527
 277 00ee 4026      		.word	9792
 278 00f0 0022      		.word	8704
 279 00f2 C1E2      		.word	-7487
 280 00f4 81E3      		.word	-7295
 281 00f6 4023      		.word	9024
 282 00f8 01E1      		.word	-7935
 283 00fa C021      		.word	8640
 284 00fc 8020      		.word	8320
 285 00fe 41E0      		.word	-8127
 286 0100 01A0      		.word	-24575
 287 0102 C060      		.word	24768
 288 0104 8061      		.word	24960
 289 0106 41A1      		.word	-24255
 290 0108 0063      		.word	25344
 291 010a C1A3      		.word	-23615
 292 010c 81A2      		.word	-23935
 293 010e 4062      		.word	25152
 294 0110 0066      		.word	26112
 295 0112 C1A6      		.word	-22847
 296 0114 81A7      		.word	-22655
 297 0116 4067      		.word	26432
 298 0118 01A5      		.word	-23295
 299 011a C065      		.word	26048
 300 011c 8064      		.word	25728
 301 011e 41A4      		.word	-23487
 302 0120 006C      		.word	27648
 303 0122 C1AC      		.word	-21311
 304 0124 81AD      		.word	-21119
 305 0126 406D      		.word	27968
 306 0128 01AF      		.word	-20735
 307 012a C06F      		.word	28608
 308 012c 806E      		.word	28288
 309 012e 41AE      		.word	-20927
 310 0130 01AA      		.word	-22015
 311 0132 C06A      		.word	27328
 312 0134 806B      		.word	27520
 313 0136 41AB      		.word	-21695
 314 0138 0069      		.word	26880
 315 013a C1A9      		.word	-22079
 316 013c 81A8      		.word	-22399
 317 013e 4068      		.word	26688
 318 0140 0078      		.word	30720
 319 0142 C1B8      		.word	-18239
 320 0144 81B9      		.word	-18047
 321 0146 4079      		.word	31040
 322 0148 01BB      		.word	-17663
 323 014a C07B      		.word	31680
 324 014c 807A      		.word	31360
 325 014e 41BA      		.word	-17855
 326 0150 01BE      		.word	-16895
 327 0152 C07E      		.word	32448
 328 0154 807F      		.word	32640
 329 0156 41BF      		.word	-16575
 330 0158 007D      		.word	32000
 331 015a C1BD      		.word	-16959
 332 015c 81BC      		.word	-17279
 333 015e 407C      		.word	31808
 334 0160 01B4      		.word	-19455
 335 0162 C074      		.word	29888
 336 0164 8075      		.word	30080
 337 0166 41B5      		.word	-19135
 338 0168 0077      		.word	30464
 339 016a C1B7      		.word	-18495
 340 016c 81B6      		.word	-18815
 341 016e 4076      		.word	30272
 342 0170 0072      		.word	29184
 343 0172 C1B2      		.word	-19775
 344 0174 81B3      		.word	-19583
 345 0176 4073      		.word	29504
 346 0178 01B1      		.word	-20223
 347 017a C071      		.word	29120
 348 017c 8070      		.word	28800
 349 017e 41B0      		.word	-20415
 350 0180 0050      		.word	20480
 351 0182 C190      		.word	-28479
 352 0184 8191      		.word	-28287
 353 0186 4051      		.word	20800
 354 0188 0193      		.word	-27903
 355 018a C053      		.word	21440
 356 018c 8052      		.word	21120
 357 018e 4192      		.word	-28095
 358 0190 0196      		.word	-27135
 359 0192 C056      		.word	22208
 360 0194 8057      		.word	22400
 361 0196 4197      		.word	-26815
 362 0198 0055      		.word	21760
 363 019a C195      		.word	-27199
 364 019c 8194      		.word	-27519
 365 019e 4054      		.word	21568
 366 01a0 019C      		.word	-25599
 367 01a2 C05C      		.word	23744
 368 01a4 805D      		.word	23936
 369 01a6 419D      		.word	-25279
 370 01a8 005F      		.word	24320
 371 01aa C19F      		.word	-24639
 372 01ac 819E      		.word	-24959
 373 01ae 405E      		.word	24128
 374 01b0 005A      		.word	23040
 375 01b2 C19A      		.word	-25919
 376 01b4 819B      		.word	-25727
 377 01b6 405B      		.word	23360
 378 01b8 0199      		.word	-26367
 379 01ba C059      		.word	22976
 380 01bc 8058      		.word	22656
 381 01be 4198      		.word	-26559
 382 01c0 0188      		.word	-30719
 383 01c2 C048      		.word	18624
 384 01c4 8049      		.word	18816
 385 01c6 4189      		.word	-30399
 386 01c8 004B      		.word	19200
 387 01ca C18B      		.word	-29759
 388 01cc 818A      		.word	-30079
 389 01ce 404A      		.word	19008
 390 01d0 004E      		.word	19968
 391 01d2 C18E      		.word	-28991
 392 01d4 818F      		.word	-28799
 393 01d6 404F      		.word	20288
 394 01d8 018D      		.word	-29439
 395 01da C04D      		.word	19904
 396 01dc 804C      		.word	19584
 397 01de 418C      		.word	-29631
 398 01e0 0044      		.word	17408
 399 01e2 C184      		.word	-31551
 400 01e4 8185      		.word	-31359
 401 01e6 4045      		.word	17728
 402 01e8 0187      		.word	-30975
 403 01ea C047      		.word	18368
 404 01ec 8046      		.word	18048
 405 01ee 4186      		.word	-31167
 406 01f0 0182      		.word	-32255
 407 01f2 C042      		.word	17088
 408 01f4 8043      		.word	17280
 409 01f6 4183      		.word	-31935
 410 01f8 0041      		.word	16640
 411 01fa C181      		.word	-32319
 412 01fc 8180      		.word	-32639
 413 01fe 4040      		.word	16448
 416               	crc8_table:
 417 0200 00        		.byte	0
 418 0201 01        		.byte	1
 419 0202 02        		.byte	2
 420 0203 03        		.byte	3
 421 0204 04        		.byte	4
 422 0205 05        		.byte	5
 423 0206 06        		.byte	6
 424 0207 07        		.byte	7
 425 0208 08        		.byte	8
 426 0209 09        		.byte	9
 427 020a 0A        		.byte	10
 428 020b 0B        		.byte	11
 429 020c 0C        		.byte	12
 430 020d 0D        		.byte	13
 431 020e 0E        		.byte	14
 432 020f 0F        		.byte	15
 433 0210 10        		.byte	16
 434 0211 11        		.byte	17
 435 0212 12        		.byte	18
 436 0213 13        		.byte	19
 437 0214 14        		.byte	20
 438 0215 15        		.byte	21
 439 0216 16        		.byte	22
 440 0217 17        		.byte	23
 441 0218 18        		.byte	24
 442 0219 19        		.byte	25
 443 021a 1A        		.byte	26
 444 021b 1B        		.byte	27
 445 021c 1C        		.byte	28
 446 021d 1D        		.byte	29
 447 021e 1E        		.byte	30
 448 021f 1F        		.byte	31
 449 0220 20        		.byte	32
 450 0221 21        		.byte	33
 451 0222 22        		.byte	34
 452 0223 23        		.byte	35
 453 0224 24        		.byte	36
 454 0225 25        		.byte	37
 455 0226 26        		.byte	38
 456 0227 27        		.byte	39
 457 0228 28        		.byte	40
 458 0229 29        		.byte	41
 459 022a 2A        		.byte	42
 460 022b 2B        		.byte	43
 461 022c 2C        		.byte	44
 462 022d 2D        		.byte	45
 463 022e 2E        		.byte	46
 464 022f 2F        		.byte	47
 465 0230 30        		.byte	48
 466 0231 31        		.byte	49
 467 0232 32        		.byte	50
 468 0233 33        		.byte	51
 469 0234 34        		.byte	52
 470 0235 35        		.byte	53
 471 0236 36        		.byte	54
 472 0237 37        		.byte	55
 473 0238 38        		.byte	56
 474 0239 39        		.byte	57
 475 023a 3A        		.byte	58
 476 023b 3B        		.byte	59
 477 023c 3C        		.byte	60
 478 023d 3D        		.byte	61
 479 023e 3E        		.byte	62
 480 023f 3F        		.byte	63
 481 0240 40        		.byte	64
 482 0241 41        		.byte	65
 483 0242 42        		.byte	66
 484 0243 43        		.byte	67
 485 0244 44        		.byte	68
 486 0245 45        		.byte	69
 487 0246 46        		.byte	70
 488 0247 47        		.byte	71
 489 0248 48        		.byte	72
 490 0249 49        		.byte	73
 491 024a 4A        		.byte	74
 492 024b 4B        		.byte	75
 493 024c 4C        		.byte	76
 494 024d 4D        		.byte	77
 495 024e 4E        		.byte	78
 496 024f 4F        		.byte	79
 497 0250 50        		.byte	80
 498 0251 51        		.byte	81
 499 0252 52        		.byte	82
 500 0253 53        		.byte	83
 501 0254 54        		.byte	84
 502 0255 55        		.byte	85
 503 0256 56        		.byte	86
 504 0257 57        		.byte	87
 505 0258 58        		.byte	88
 506 0259 59        		.byte	89
 507 025a 5A        		.byte	90
 508 025b 5B        		.byte	91
 509 025c 5C        		.byte	92
 510 025d 5D        		.byte	93
 511 025e 5E        		.byte	94
 512 025f 5F        		.byte	95
 513 0260 60        		.byte	96
 514 0261 61        		.byte	97
 515 0262 62        		.byte	98
 516 0263 63        		.byte	99
 517 0264 64        		.byte	100
 518 0265 65        		.byte	101
 519 0266 66        		.byte	102
 520 0267 67        		.byte	103
 521 0268 68        		.byte	104
 522 0269 69        		.byte	105
 523 026a 6A        		.byte	106
 524 026b 6B        		.byte	107
 525 026c 6C        		.byte	108
 526 026d 6D        		.byte	109
 527 026e 6E        		.byte	110
 528 026f 6F        		.byte	111
 529 0270 70        		.byte	112
 530 0271 71        		.byte	113
 531 0272 72        		.byte	114
 532 0273 73        		.byte	115
 533 0274 74        		.byte	116
 534 0275 75        		.byte	117
 535 0276 76        		.byte	118
 536 0277 77        		.byte	119
 537 0278 78        		.byte	120
 538 0279 79        		.byte	121
 539 027a 7A        		.byte	122
 540 027b 7B        		.byte	123
 541 027c 7C        		.byte	124
 542 027d 7D        		.byte	125
 543 027e 7E        		.byte	126
 544 027f 7F        		.byte	127
 545 0280 80        		.byte	-128
 546 0281 81        		.byte	-127
 547 0282 82        		.byte	-126
 548 0283 83        		.byte	-125
 549 0284 84        		.byte	-124
 550 0285 85        		.byte	-123
 551 0286 86        		.byte	-122
 552 0287 87        		.byte	-121
 553 0288 88        		.byte	-120
 554 0289 89        		.byte	-119
 555 028a 8A        		.byte	-118
 556 028b 8B        		.byte	-117
 557 028c 8C        		.byte	-116
 558 028d 8D        		.byte	-115
 559 028e 8E        		.byte	-114
 560 028f 8F        		.byte	-113
 561 0290 90        		.byte	-112
 562 0291 91        		.byte	-111
 563 0292 92        		.byte	-110
 564 0293 93        		.byte	-109
 565 0294 94        		.byte	-108
 566 0295 95        		.byte	-107
 567 0296 96        		.byte	-106
 568 0297 97        		.byte	-105
 569 0298 98        		.byte	-104
 570 0299 99        		.byte	-103
 571 029a 9A        		.byte	-102
 572 029b 9B        		.byte	-101
 573 029c 9C        		.byte	-100
 574 029d 9D        		.byte	-99
 575 029e 9E        		.byte	-98
 576 029f 9F        		.byte	-97
 577 02a0 A0        		.byte	-96
 578 02a1 A1        		.byte	-95
 579 02a2 A2        		.byte	-94
 580 02a3 A3        		.byte	-93
 581 02a4 A4        		.byte	-92
 582 02a5 A5        		.byte	-91
 583 02a6 A6        		.byte	-90
 584 02a7 A7        		.byte	-89
 585 02a8 A8        		.byte	-88
 586 02a9 A9        		.byte	-87
 587 02aa AA        		.byte	-86
 588 02ab AB        		.byte	-85
 589 02ac AC        		.byte	-84
 590 02ad AD        		.byte	-83
 591 02ae AE        		.byte	-82
 592 02af AF        		.byte	-81
 593 02b0 B0        		.byte	-80
 594 02b1 B1        		.byte	-79
 595 02b2 B2        		.byte	-78
 596 02b3 B3        		.byte	-77
 597 02b4 B4        		.byte	-76
 598 02b5 B5        		.byte	-75
 599 02b6 B6        		.byte	-74
 600 02b7 B7        		.byte	-73
 601 02b8 B8        		.byte	-72
 602 02b9 B9        		.byte	-71
 603 02ba BA        		.byte	-70
 604 02bb BB        		.byte	-69
 605 02bc BC        		.byte	-68
 606 02bd BD        		.byte	-67
 607 02be BE        		.byte	-66
 608 02bf BF        		.byte	-65
 609 02c0 C0        		.byte	-64
 610 02c1 C1        		.byte	-63
 611 02c2 C2        		.byte	-62
 612 02c3 C3        		.byte	-61
 613 02c4 C4        		.byte	-60
 614 02c5 C5        		.byte	-59
 615 02c6 C6        		.byte	-58
 616 02c7 C7        		.byte	-57
 617 02c8 C8        		.byte	-56
 618 02c9 C9        		.byte	-55
 619 02ca CA        		.byte	-54
 620 02cb CB        		.byte	-53
 621 02cc CC        		.byte	-52
 622 02cd CD        		.byte	-51
 623 02ce CE        		.byte	-50
 624 02cf CF        		.byte	-49
 625 02d0 D0        		.byte	-48
 626 02d1 D1        		.byte	-47
 627 02d2 D2        		.byte	-46
 628 02d3 D3        		.byte	-45
 629 02d4 D4        		.byte	-44
 630 02d5 D5        		.byte	-43
 631 02d6 D6        		.byte	-42
 632 02d7 D7        		.byte	-41
 633 02d8 D8        		.byte	-40
 634 02d9 D9        		.byte	-39
 635 02da DA        		.byte	-38
 636 02db DB        		.byte	-37
 637 02dc DC        		.byte	-36
 638 02dd DD        		.byte	-35
 639 02de DE        		.byte	-34
 640 02df DF        		.byte	-33
 641 02e0 E0        		.byte	-32
 642 02e1 E1        		.byte	-31
 643 02e2 E2        		.byte	-30
 644 02e3 E3        		.byte	-29
 645 02e4 E4        		.byte	-28
 646 02e5 E5        		.byte	-27
 647 02e6 E6        		.byte	-26
 648 02e7 E7        		.byte	-25
 649 02e8 E8        		.byte	-24
 650 02e9 E9        		.byte	-23
 651 02ea EA        		.byte	-22
 652 02eb EB        		.byte	-21
 653 02ec EC        		.byte	-20
 654 02ed ED        		.byte	-19
 655 02ee EE        		.byte	-18
 656 02ef EF        		.byte	-17
 657 02f0 F0        		.byte	-16
 658 02f1 F1        		.byte	-15
 659 02f2 F2        		.byte	-14
 660 02f3 F3        		.byte	-13
 661 02f4 F4        		.byte	-12
 662 02f5 F5        		.byte	-11
 663 02f6 F6        		.byte	-10
 664 02f7 F7        		.byte	-9
 665 02f8 F8        		.byte	-8
 666 02f9 F9        		.byte	-7
 667 02fa FA        		.byte	-6
 668 02fb FB        		.byte	-5
 669 02fc FC        		.byte	-4
 670 02fd FD        		.byte	-3
 671 02fe FE        		.byte	-2
 672 02ff FF        		.byte	-1
 673               		.text
 674               	.Letext0:
 675               		.file 2 "c:\\winavr-20100110\\avr\\include\\stdint.h"
DEFINED SYMBOLS
                            *ABS*:00000000 crc.c
C:\Users\mcmai\AppData\Local\Temp\ccrRYSNa.s:2      *ABS*:0000003e __SP_H__
C:\Users\mcmai\AppData\Local\Temp\ccrRYSNa.s:3      *ABS*:0000003d __SP_L__
C:\Users\mcmai\AppData\Local\Temp\ccrRYSNa.s:4      *ABS*:0000003f __SREG__
C:\Users\mcmai\AppData\Local\Temp\ccrRYSNa.s:5      *ABS*:00000000 __tmp_reg__
C:\Users\mcmai\AppData\Local\Temp\ccrRYSNa.s:6      *ABS*:00000001 __zero_reg__
C:\Users\mcmai\AppData\Local\Temp\ccrRYSNa.s:12     .text:00000000 crc8_calc
C:\Users\mcmai\AppData\Local\Temp\ccrRYSNa.s:416    .progmem.data:00000200 crc8_table
C:\Users\mcmai\AppData\Local\Temp\ccrRYSNa.s:96     .text:00000036 crc16_calc
C:\Users\mcmai\AppData\Local\Temp\ccrRYSNa.s:157    .progmem.data:00000000 crc16_table

NO UNDEFINED SYMBOLS
